2017-03-18 23:02:35,188 0    [main] INFO  edu.matc.controller.RestActivityTest  - Returning calories {"Calculation 1:":{"Calories Burned:":262.5,"Duration:":1.5},"Calculation 0:":{"Calories Burned:":131.25,"Duration:":0.75},"Calculation 2:":{"Calories Burned:":525.0,"Duration:":3.0}}
2017-03-18 23:02:35,245 57   [main] INFO  edu.matc.controller.RestActivityTest  - Returning calories Calories Burned		Duration
131.25 calorie(s)		in 0.75 hour(s)
262.5 calorie(s)		in 1.5 hour(s)
525.0 calorie(s)		in 3.0 hour(s)

2017-03-18 23:02:35,284 96   [main] INFO  edu.matc.controller.RestActivityTest  - Returning activities 
Activity		MET(s)
walking		2.5
volleyball		3.0
calisthenics		4.0
golf		4.5
cycling		4.5
dancing		4.8
swimming		5.0
tennis		7.5
basketball		8.0
soccer		10.0
running		12.0

2017-03-21 21:20:21,477 0    [main] INFO  edu.matc.controller.RestActivityTest  - Returning calories {"Calculation 1:":{"Calories Burned:":262.5,"Duration:":1.5},"Calculation 0:":{"Calories Burned:":131.25,"Duration:":0.75},"Calculation 2:":{"Calories Burned:":525.0,"Duration:":3.0}}
2017-03-21 21:20:21,552 75   [main] INFO  edu.matc.controller.RestActivityTest  - Returning calories Calories Burned		Duration
131.25 calorie(s)		in 0.75 hour(s)
262.5 calorie(s)		in 1.5 hour(s)
525.0 calorie(s)		in 3.0 hour(s)

2017-03-21 21:20:21,591 114  [main] INFO  edu.matc.controller.RestActivityTest  - Returning activities 
Activity		MET(s)
walking		2.5
volleyball		3.0
calisthenics		4.0
golf		4.5
cycling		4.5
dancing		4.8
swimming		5.0
tennis		7.5
basketball		8.0
soccer		10.0
running		12.0

2017-03-21 21:20:35,295 1    [http-nio-8081-exec-6] INFO  edu.matc.controller.IndexDispServlet  - &&&&&&&&&&&&&&&&&&&&&&&&&&Inside display servlet&&&&&&&&&&&&&&&&&&&&&&&&&
2017-03-21 21:20:35,321 27   [http-nio-8081-exec-6] INFO  edu.matc.controller.IndexDispServlet  - Returning activities org.apache.catalina.connector.ResponseFacade@45d9366e
2017-03-21 21:20:36,637 1343 [http-nio-8081-exec-9] INFO  edu.matc.controller.IndexDispServlet  - &&&&&&&&&&&&&&&&&&&&&&&&&&Inside display servlet&&&&&&&&&&&&&&&&&&&&&&&&&
2017-03-21 21:20:36,639 1345 [http-nio-8081-exec-9] INFO  edu.matc.controller.IndexDispServlet  - Returning activities org.apache.catalina.connector.ResponseFacade@45d9366e
2017-03-21 21:21:34,027 0    [main] INFO  edu.matc.controller.RestActivityTest  - Returning calories {"Calculation 1:":{"Calories Burned:":262.5,"Duration:":1.5},"Calculation 0:":{"Calories Burned:":131.25,"Duration:":0.75},"Calculation 2:":{"Calories Burned:":525.0,"Duration:":3.0}}
2017-03-21 21:21:34,093 66   [main] INFO  edu.matc.controller.RestActivityTest  - Returning calories Calories Burned		Duration
131.25 calorie(s)		in 0.75 hour(s)
262.5 calorie(s)		in 1.5 hour(s)
525.0 calorie(s)		in 3.0 hour(s)

2017-03-21 21:21:34,136 109  [main] INFO  edu.matc.controller.RestActivityTest  - Returning activities 
Activity		MET(s)
walking		2.5
volleyball		3.0
calisthenics		4.0
golf		4.5
cycling		4.5
dancing		4.8
swimming		5.0
tennis		7.5
basketball		8.0
soccer		10.0
running		12.0

2017-03-21 21:21:45,113 4    [http-nio-8081-exec-6] INFO  edu.matc.controller.IndexDispServlet  - &&&&&&&&&&&&&&&&&&&&&&&&&&Inside display servlet&&&&&&&&&&&&&&&&&&&&&&&&&
2017-03-21 21:21:45,117 8    [http-nio-8081-exec-6] INFO  edu.matc.controller.IndexDispServlet  - Returning activities org.apache.catalina.connector.ResponseFacade@36e3184d
2017-03-21 21:21:48,766 3657 [http-nio-8081-exec-9] INFO  edu.matc.controller.IndexDispServlet  - &&&&&&&&&&&&&&&&&&&&&&&&&&Inside display servlet&&&&&&&&&&&&&&&&&&&&&&&&&
2017-03-21 21:21:48,773 3664 [http-nio-8081-exec-9] INFO  edu.matc.controller.IndexDispServlet  - Returning activities org.apache.catalina.connector.ResponseFacade@36e3184d
2017-03-21 21:21:52,367 7258 [http-nio-8081-exec-1] INFO  edu.matc.controller.IndexDispServlet  - &&&&&&&&&&&&&&&&&&&&&&&&&&Inside display servlet&&&&&&&&&&&&&&&&&&&&&&&&&
2017-03-21 21:21:52,367 7258 [http-nio-8081-exec-1] INFO  edu.matc.controller.IndexDispServlet  - Returning activities org.apache.catalina.connector.ResponseFacade@36e3184d
2017-03-21 21:22:08,216 23107 [http-nio-8081-exec-7] INFO  edu.matc.controller.CalculateCaloriesActionServlet  - $$$$$$$$$$$$$$$$$$$$$$$$$ Getting into Calories action servlet
2017-03-21 21:22:08,928 23819 [http-nio-8081-exec-7] INFO  edu.matc.controller.CalculateCaloriesActionServlet  - Checking context attribute Calories Burned		Duration
168.75 calorie(s)		in 0.75 hour(s)
337.5 calorie(s)		in 1.5 hour(s)
675.0 calorie(s)		in 3.0 hour(s)

2017-03-21 21:22:08,928 23819 [http-nio-8081-exec-7] INFO  edu.matc.controller.CalculateCaloriesActionServlet  - Returning result Calories Burned		Duration
168.75 calorie(s)		in 0.75 hour(s)
337.5 calorie(s)		in 1.5 hour(s)
675.0 calorie(s)		in 3.0 hour(s)

2017-03-21 21:41:21,416 0    [main] INFO  edu.matc.controller.RestActivityTest  - Returning calories {"Calculation 1:":{"Calories Burned:":262.5,"Duration:":1.5},"Calculation 0:":{"Calories Burned:":131.25,"Duration:":0.75},"Calculation 2:":{"Calories Burned:":525.0,"Duration:":3.0}}
2017-03-21 21:41:21,460 44   [main] INFO  edu.matc.controller.RestActivityTest  - Returning calories Calories Burned		Duration
131.25 calorie(s)		in 0.75 hour(s)
262.5 calorie(s)		in 1.5 hour(s)
525.0 calorie(s)		in 3.0 hour(s)

2017-03-21 21:41:21,506 90   [main] INFO  edu.matc.controller.RestActivityTest  - Returning activities 
Activity		MET(s)
walking		2.5
volleyball		3.0
calisthenics		4.0
golf		4.5
cycling		4.5
dancing		4.8
swimming		5.0
tennis		7.5
basketball		8.0
soccer		10.0
running		12.0

2017-03-21 21:41:32,631 0    [http-nio-8081-exec-6] INFO  edu.matc.controller.IndexDispServlet  - &&&&&&&&&&&&&&&&&&&&&&&&&&Inside display servlet&&&&&&&&&&&&&&&&&&&&&&&&&
2017-03-21 21:41:32,640 9    [http-nio-8081-exec-6] INFO  edu.matc.controller.IndexDispServlet  - Returning activities org.apache.catalina.connector.ResponseFacade@8d164bb
2017-03-21 21:41:35,438 2807 [http-nio-8081-exec-9] INFO  edu.matc.controller.IndexDispServlet  - &&&&&&&&&&&&&&&&&&&&&&&&&&Inside display servlet&&&&&&&&&&&&&&&&&&&&&&&&&
2017-03-21 21:41:35,440 2809 [http-nio-8081-exec-9] INFO  edu.matc.controller.IndexDispServlet  - Returning activities org.apache.catalina.connector.ResponseFacade@8d164bb
2017-03-21 21:41:42,022 9391 [http-nio-8081-exec-2] INFO  edu.matc.controller.IndexDispServlet  - &&&&&&&&&&&&&&&&&&&&&&&&&&Inside display servlet&&&&&&&&&&&&&&&&&&&&&&&&&
2017-03-21 21:41:42,022 9391 [http-nio-8081-exec-2] INFO  edu.matc.controller.IndexDispServlet  - Returning activities org.apache.catalina.connector.ResponseFacade@8d164bb
2017-03-21 21:46:04,073 0    [main] INFO  edu.matc.controller.RestActivityTest  - Returning calories {"Calculation 1:":{"Calories Burned:":262.5,"Duration:":1.5},"Calculation 0:":{"Calories Burned:":131.25,"Duration:":0.75},"Calculation 2:":{"Calories Burned:":525.0,"Duration:":3.0}}
2017-03-21 21:46:04,128 55   [main] INFO  edu.matc.controller.RestActivityTest  - Returning calories Calories Burned		Duration
131.25 calorie(s)		in 0.75 hour(s)
262.5 calorie(s)		in 1.5 hour(s)
525.0 calorie(s)		in 3.0 hour(s)

2017-03-21 21:46:04,154 81   [main] INFO  edu.matc.controller.RestActivityTest  - Returning activities 
Activity		MET(s)
walking		2.5
volleyball		3.0
calisthenics		4.0
golf		4.5
cycling		4.5
dancing		4.8
swimming		5.0
tennis		7.5
basketball		8.0
soccer		10.0
running		12.0

2017-03-21 21:46:16,140 2    [http-nio-8081-exec-6] INFO  edu.matc.controller.IndexDispServlet  - &&&&&&&&&&&&&&&&&&&&&&&&&&Inside display servlet&&&&&&&&&&&&&&&&&&&&&&&&&
2017-03-21 21:46:16,161 23   [http-nio-8081-exec-6] INFO  edu.matc.controller.IndexDispServlet  - Returning activities org.apache.catalina.connector.ResponseFacade@95d8ff9
2017-03-21 21:46:19,690 3552 [http-nio-8081-exec-9] INFO  edu.matc.controller.IndexDispServlet  - &&&&&&&&&&&&&&&&&&&&&&&&&&Inside display servlet&&&&&&&&&&&&&&&&&&&&&&&&&
2017-03-21 21:46:19,697 3559 [http-nio-8081-exec-9] INFO  edu.matc.controller.IndexDispServlet  - Returning activities org.apache.catalina.connector.ResponseFacade@95d8ff9
2017-03-22 12:19:00,697 0    [main] INFO  edu.matc.controller.RestActivityTest  - Returning calories {"Calculation 1:":{"Calories Burned:":262.5,"Duration:":1.5},"Calculation 0:":{"Calories Burned:":131.25,"Duration:":0.75},"Calculation 2:":{"Calories Burned:":525.0,"Duration:":3.0}}
2017-03-22 12:19:00,799 102  [main] INFO  edu.matc.controller.RestActivityTest  - Returning calories Calories Burned		Duration
131.25 calorie(s)		in 0.75 hour(s)
262.5 calorie(s)		in 1.5 hour(s)
525.0 calorie(s)		in 3.0 hour(s)

2017-03-22 12:19:00,857 160  [main] INFO  edu.matc.controller.RestActivityTest  - Returning activities 
Activity		MET(s)
walking		2.5
volleyball		3.0
calisthenics		4.0
golf		4.5
cycling		4.5
dancing		4.8
swimming		5.0
tennis		7.5
basketball		8.0
soccer		10.0
running		12.0

2017-03-23 21:13:55,137 0    [main] INFO  edu.matc.controller.RestActivityTest  - Returning calories Calories Burned		Duration
1.875 calorie(s)		in 0.75 hour(s)
3.75 calorie(s)		in 1.5 hour(s)
7.5 calorie(s)		in 3.0 hour(s)

2017-03-23 21:13:55,398 261  [main] INFO  edu.matc.controller.RestActivityTest  - Returning activities {"id":1,"name":"walking","mets":2.5}{"id":2,"name":"volleyball","mets":3.0}{"id":3,"name":"calisthenics","mets":4.0}{"id":4,"name":"golf","mets":4.5}{"id":5,"name":"cycling","mets":4.5}{"id":6,"name":"dancing","mets":4.8}{"id":7,"name":"swimming","mets":5.0}{"id":8,"name":"tennis","mets":7.5}{"id":9,"name":"basketball","mets":8.0}{"id":10,"name":"soccer","mets":10.0}{"id":11,"name":"running","mets":12.0}
2017-03-23 21:14:48,756 1    [main] INFO  edu.matc.controller.RestActivityTest  - Returning calories Calories Burned		Duration
1.875 calorie(s)		in 0.75 hour(s)
3.75 calorie(s)		in 1.5 hour(s)
7.5 calorie(s)		in 3.0 hour(s)

2017-03-23 21:14:48,858 103  [main] INFO  edu.matc.controller.RestActivityTest  - Returning all activities JSON {"id":1,"name":"walking","mets":2.5}{"id":2,"name":"volleyball","mets":3.0}{"id":3,"name":"calisthenics","mets":4.0}{"id":4,"name":"golf","mets":4.5}{"id":5,"name":"cycling","mets":4.5}{"id":6,"name":"dancing","mets":4.8}{"id":7,"name":"swimming","mets":5.0}{"id":8,"name":"tennis","mets":7.5}{"id":9,"name":"basketball","mets":8.0}{"id":10,"name":"soccer","mets":10.0}{"id":11,"name":"running","mets":12.0}
2017-03-23 21:56:32,037 0    [main] INFO  edu.matc.controller.RestActivityTest  - Returning calories Calories Burned		Duration
1.875 calorie(s)		in 0.75 hour(s)
3.75 calorie(s)		in 1.5 hour(s)
7.5 calorie(s)		in 3.0 hour(s)

2017-03-23 21:56:32,467 430  [main] INFO  edu.matc.controller.RestActivityTest  - Returning all activities JSON walking
2017-03-23 21:57:28,151 0    [main] INFO  edu.matc.controller.RestActivityTest  - Returning calories Calories Burned		Duration
1.875 calorie(s)		in 0.75 hour(s)
3.75 calorie(s)		in 1.5 hour(s)
7.5 calorie(s)		in 3.0 hour(s)

2017-03-23 21:57:28,661 510  [main] INFO  edu.matc.controller.RestActivityTest  - Returning all activities JSON Activities{mets = '2.5',name = 'walking',id = '1'}
2017-03-23 21:58:33,763 0    [main] INFO  edu.matc.controller.RestActivityTest  - Returning calories Calories Burned		Duration
1.875 calorie(s)		in 0.75 hour(s)
3.75 calorie(s)		in 1.5 hour(s)
7.5 calorie(s)		in 3.0 hour(s)

2017-03-23 21:58:33,848 85   [main] INFO  edu.matc.controller.RestActivityTest  - responce from the call to REST {"id":1,"name":"walking","mets":2.5}{"id":2,"name":"volleyball","mets":3.0}{"id":3,"name":"calisthenics","mets":4.0}{"id":4,"name":"golf","mets":4.5}{"id":5,"name":"cycling","mets":4.5}{"id":6,"name":"dancing","mets":4.8}{"id":7,"name":"swimming","mets":5.0}{"id":8,"name":"tennis","mets":7.5}{"id":9,"name":"basketball","mets":8.0}{"id":10,"name":"soccer","mets":10.0}{"id":11,"name":"running","mets":12.0}
2017-03-23 21:58:34,322 559  [main] INFO  edu.matc.controller.RestActivityTest  - Returning all activities JSON Activities{mets = '2.5',name = 'walking',id = '1'}
2017-03-24 12:00:20,346 0    [main] INFO  edu.matc.controller.RestActivityTest  - {
   "results" : [
      {
         "address_components" : [
            {
               "long_name" : "1600",
               "short_name" : "1600",
               "types" : [ "street_number" ]
            },
            {
               "long_name" : "Amphitheatre Parkway",
               "short_name" : "Amphitheatre Pkwy",
               "types" : [ "route" ]
            },
            {
               "long_name" : "Mountain View",
               "short_name" : "Mountain View",
               "types" : [ "locality", "political" ]
            },
            {
               "long_name" : "Santa Clara County",
               "short_name" : "Santa Clara County",
               "types" : [ "administrative_area_level_2", "political" ]
            },
            {
               "long_name" : "California",
               "short_name" : "CA",
               "types" : [ "administrative_area_level_1", "political" ]
            },
            {
               "long_name" : "United States",
               "short_name" : "US",
               "types" : [ "country", "political" ]
            },
            {
               "long_name" : "94043",
               "short_name" : "94043",
               "types" : [ "postal_code" ]
            }
         ],
         "formatted_address" : "1600 Amphitheatre Pkwy, Mountain View, CA 94043, USA",
         "geometry" : {
            "location" : {
               "lat" : 37.4223658,
               "lng" : -122.0843845
            },
            "location_type" : "ROOFTOP",
            "viewport" : {
               "northeast" : {
                  "lat" : 37.4237147802915,
                  "lng" : -122.0830355197085
               },
               "southwest" : {
                  "lat" : 37.42101681970851,
                  "lng" : -122.0857334802915
               }
            }
         },
         "place_id" : "ChIJ2eUgeAK6j4ARbn5u_wAGqWA",
         "types" : [ "street_address" ]
      }
   ],
   "status" : "OK"
}

2017-03-24 12:04:53,001 0    [main] INFO  edu.matc.controller.RestActivityTest  - Returning calories Calories Burned		Duration
1.875 calorie(s)		in 0.75 hour(s)
3.75 calorie(s)		in 1.5 hour(s)
7.5 calorie(s)		in 3.0 hour(s)

2017-03-24 12:04:53,281 280  [main] INFO  edu.matc.controller.RestActivityTest  - response from the call to REST {"id":1,"name":"walking","mets":2.5}{"id":2,"name":"volleyball","mets":3.0}{"id":3,"name":"calisthenics","mets":4.0}{"id":4,"name":"golf","mets":4.5}{"id":5,"name":"cycling","mets":4.5}{"id":6,"name":"dancing","mets":4.8}{"id":7,"name":"swimming","mets":5.0}{"id":8,"name":"tennis","mets":7.5}{"id":9,"name":"basketball","mets":8.0}{"id":10,"name":"soccer","mets":10.0}{"id":11,"name":"running","mets":12.0}
2017-03-24 12:35:41,628 0    [main] INFO  edu.matc.controller.RestActivityTest  - Returning calories Calories Burned		Duration
1.875 calorie(s)		in 0.75 hour(s)
3.75 calorie(s)		in 1.5 hour(s)
7.5 calorie(s)		in 3.0 hour(s)

2017-03-24 12:35:41,931 303  [main] INFO  edu.matc.controller.RestActivityTest  - response from the call to REST {"activities":[{"id":1,"name":"walking","mets":2.5},{"id":2,"name":"volleyball","mets":3.0},{"id":3,"name":"calisthenics","mets":4.0},{"id":4,"name":"golf","mets":4.5},{"id":5,"name":"cycling","mets":4.5},{"id":6,"name":"dancing","mets":4.8},{"id":7,"name":"swimming","mets":5.0},{"id":8,"name":"tennis","mets":7.5},{"id":9,"name":"basketball","mets":8.0},{"id":10,"name":"soccer","mets":10.0},{"id":11,"name":"running","mets":12.0}]}
2017-03-24 12:35:42,107 479  [main] INFO  edu.matc.controller.RestActivityTest  - Returning all activities JSON golf
2017-03-24 12:40:52,279 0    [main] INFO  edu.matc.controller.RestActivityTest  - Returning calories Calories Burned		Duration
1.875 calorie(s)		in 0.75 hour(s)
3.75 calorie(s)		in 1.5 hour(s)
7.5 calorie(s)		in 3.0 hour(s)

2017-03-24 12:40:52,352 73   [main] INFO  edu.matc.controller.RestActivityTest  - response from the call to REST {"activities":[{"id":1,"name":"walking","mets":2.5},{"id":2,"name":"volleyball","mets":3.0},{"id":3,"name":"calisthenics","mets":4.0},{"id":4,"name":"golf","mets":4.5},{"id":5,"name":"cycling","mets":4.5},{"id":6,"name":"dancing","mets":4.8},{"id":7,"name":"swimming","mets":5.0},{"id":8,"name":"tennis","mets":7.5},{"id":9,"name":"basketball","mets":8.0},{"id":10,"name":"soccer","mets":10.0},{"id":11,"name":"running","mets":12.0}]}
2017-03-24 12:40:52,565 286  [main] INFO  edu.matc.controller.RestActivityTest  - Returning all activities JSON golf
2017-03-24 20:47:45,293 0    [main] INFO  edu.matc.controller.RestActivityTest  - Returning calories Calories Burned		Duration
1.875 calorie(s)		in 0.75 hour(s)
3.75 calorie(s)		in 1.5 hour(s)
7.5 calorie(s)		in 3.0 hour(s)

2017-03-24 20:47:45,548 255  [main] INFO  edu.matc.controller.RestActivityTest  - response from the call to REST {"activities":[{"id":1,"name":"walking","mets":2.5},{"id":2,"name":"volleyball","mets":3.0},{"id":3,"name":"calisthenics","mets":4.0},{"id":4,"name":"golf","mets":4.5},{"id":5,"name":"cycling","mets":4.5},{"id":6,"name":"dancing","mets":4.8},{"id":7,"name":"swimming","mets":5.0},{"id":8,"name":"tennis","mets":7.5},{"id":9,"name":"basketball","mets":8.0},{"id":10,"name":"soccer","mets":10.0},{"id":11,"name":"running","mets":12.0}]}
2017-03-24 20:47:45,713 420  [main] INFO  edu.matc.controller.RestActivityTest  - Returning all activities JSON golf
2017-03-24 20:48:03,368 0    [http-nio-8081-exec-6] INFO  edu.matc.controller.IndexDispServlet  - &&&&&&&&&&&&&&&&&&&&&&&&&&Inside display servlet&&&&&&&&&&&&&&&&&&&&&&&&&
2017-03-24 20:48:13,914 10546 [http-nio-8081-exec-8] INFO  edu.matc.controller.IndexDispServlet  - &&&&&&&&&&&&&&&&&&&&&&&&&&Inside display servlet&&&&&&&&&&&&&&&&&&&&&&&&&
2017-03-24 21:12:51,884 0    [main] INFO  edu.matc.controller.RestActivityTest  - Returning calories Calories Burned		Duration
1.875 calorie(s)		in 0.75 hour(s)
3.75 calorie(s)		in 1.5 hour(s)
7.5 calorie(s)		in 3.0 hour(s)

2017-03-24 21:12:52,152 268  [main] INFO  edu.matc.controller.RestActivityTest  - response from the call to REST {"activities":[{"id":1,"name":"walking","mets":2.5},{"id":2,"name":"volleyball","mets":3.0},{"id":3,"name":"calisthenics","mets":4.0},{"id":4,"name":"golf","mets":4.5},{"id":5,"name":"cycling","mets":4.5},{"id":6,"name":"dancing","mets":4.8},{"id":7,"name":"swimming","mets":5.0},{"id":8,"name":"tennis","mets":7.5},{"id":9,"name":"basketball","mets":8.0},{"id":10,"name":"soccer","mets":10.0},{"id":11,"name":"running","mets":12.0}]}
2017-03-24 21:12:52,345 461  [main] INFO  edu.matc.controller.RestActivityTest  - Returning all activities JSON golf
2017-03-24 21:17:42,073 0    [main] INFO  edu.matc.controller.RestActivityTest  - Returning calories Calories Burned		Duration
1.875 calorie(s)		in 0.75 hour(s)
3.75 calorie(s)		in 1.5 hour(s)
7.5 calorie(s)		in 3.0 hour(s)

2017-03-24 21:17:42,243 170  [main] INFO  edu.matc.controller.RestActivityTest  - response from the call to REST {"activities":[{"id":1,"name":"walking","mets":2.5},{"id":2,"name":"volleyball","mets":3.0},{"id":3,"name":"calisthenics","mets":4.0},{"id":4,"name":"golf","mets":4.5},{"id":5,"name":"cycling","mets":4.5},{"id":6,"name":"dancing","mets":4.8},{"id":7,"name":"swimming","mets":5.0},{"id":8,"name":"tennis","mets":7.5},{"id":9,"name":"basketball","mets":8.0},{"id":10,"name":"soccer","mets":10.0},{"id":11,"name":"running","mets":12.0}]}
2017-03-24 21:37:45,895 0    [main] INFO  edu.matc.controller.RestActivityTest  - Returning calories Calories Burned		Duration
1.875 calorie(s)		in 0.75 hour(s)
3.75 calorie(s)		in 1.5 hour(s)
7.5 calorie(s)		in 3.0 hour(s)

2017-03-24 21:37:45,987 92   [main] INFO  edu.matc.controller.RestActivityTest  - response from the call to REST {"activities":[{"id":1,"name":"walking","mets":2.5},{"id":2,"name":"volleyball","mets":3.0},{"id":3,"name":"calisthenics","mets":4.0},{"id":4,"name":"golf","mets":4.5},{"id":5,"name":"cycling","mets":4.5},{"id":6,"name":"dancing","mets":4.8},{"id":7,"name":"swimming","mets":5.0},{"id":8,"name":"tennis","mets":7.5},{"id":9,"name":"basketball","mets":8.0},{"id":10,"name":"soccer","mets":10.0},{"id":11,"name":"running","mets":12.0}]}
2017-03-24 21:45:06,171 0    [main] INFO  edu.matc.controller.RestActivityTest  - Returning calories Calories Burned		Duration
1.875 calorie(s)		in 0.75 hour(s)
3.75 calorie(s)		in 1.5 hour(s)
7.5 calorie(s)		in 3.0 hour(s)

2017-03-24 21:45:06,211 40   [main] INFO  edu.matc.controller.RestActivityTest  - response from the call to REST {"activities":[{"id":1,"name":"walking","mets":2.5},{"id":2,"name":"volleyball","mets":3.0},{"id":3,"name":"calisthenics","mets":4.0},{"id":4,"name":"golf","mets":4.5},{"id":5,"name":"cycling","mets":4.5},{"id":6,"name":"dancing","mets":4.8},{"id":7,"name":"swimming","mets":5.0},{"id":8,"name":"tennis","mets":7.5},{"id":9,"name":"basketball","mets":8.0},{"id":10,"name":"soccer","mets":10.0},{"id":11,"name":"running","mets":12.0}]}
2017-03-24 21:45:20,291 0    [http-nio-8081-exec-6] INFO  edu.matc.controller.IndexDispServlet  - &&&&&&&&&&&&&&&&&&&&&&&&&&Inside display servlet&&&&&&&&&&&&&&&&&&&&&&&&&
2017-03-24 21:45:20,726 435  [http-nio-8081-exec-6] INFO  edu.matc.controller.IndexDispServlet  - response from the call to REST {"activities":[{"id":1,"name":"walking","mets":2.5},{"id":2,"name":"volleyball","mets":3.0},{"id":3,"name":"calisthenics","mets":4.0},{"id":4,"name":"golf","mets":4.5},{"id":5,"name":"cycling","mets":4.5},{"id":6,"name":"dancing","mets":4.8},{"id":7,"name":"swimming","mets":5.0},{"id":8,"name":"tennis","mets":7.5},{"id":9,"name":"basketball","mets":8.0},{"id":10,"name":"soccer","mets":10.0},{"id":11,"name":"running","mets":12.0}]}
2017-03-24 21:45:23,846 3555 [http-nio-8081-exec-9] INFO  edu.matc.controller.IndexDispServlet  - &&&&&&&&&&&&&&&&&&&&&&&&&&Inside display servlet&&&&&&&&&&&&&&&&&&&&&&&&&
2017-03-24 21:45:23,907 3616 [http-nio-8081-exec-9] INFO  edu.matc.controller.IndexDispServlet  - response from the call to REST {"activities":[{"id":1,"name":"walking","mets":2.5},{"id":2,"name":"volleyball","mets":3.0},{"id":3,"name":"calisthenics","mets":4.0},{"id":4,"name":"golf","mets":4.5},{"id":5,"name":"cycling","mets":4.5},{"id":6,"name":"dancing","mets":4.8},{"id":7,"name":"swimming","mets":5.0},{"id":8,"name":"tennis","mets":7.5},{"id":9,"name":"basketball","mets":8.0},{"id":10,"name":"soccer","mets":10.0},{"id":11,"name":"running","mets":12.0}]}
2017-03-24 21:48:58,916 0    [main] INFO  edu.matc.controller.RestActivityTest  - Returning calories Calories Burned		Duration
1.875 calorie(s)		in 0.75 hour(s)
3.75 calorie(s)		in 1.5 hour(s)
7.5 calorie(s)		in 3.0 hour(s)

2017-03-24 21:48:58,952 36   [main] INFO  edu.matc.controller.RestActivityTest  - response from the call to REST {"activities":[{"id":1,"name":"walking","mets":2.5},{"id":2,"name":"volleyball","mets":3.0},{"id":3,"name":"calisthenics","mets":4.0},{"id":4,"name":"golf","mets":4.5},{"id":5,"name":"cycling","mets":4.5},{"id":6,"name":"dancing","mets":4.8},{"id":7,"name":"swimming","mets":5.0},{"id":8,"name":"tennis","mets":7.5},{"id":9,"name":"basketball","mets":8.0},{"id":10,"name":"soccer","mets":10.0},{"id":11,"name":"running","mets":12.0}]}
2017-03-24 21:49:11,266 1    [http-nio-8081-exec-6] INFO  edu.matc.controller.IndexDispServlet  - &&&&&&&&&&&&&&&&&&&&&&&&&&Inside display servlet&&&&&&&&&&&&&&&&&&&&&&&&&
2017-03-24 21:49:11,837 572  [http-nio-8081-exec-6] INFO  edu.matc.controller.IndexDispServlet  - response from the call to REST {"activities":[{"id":1,"name":"walking","mets":2.5},{"id":2,"name":"volleyball","mets":3.0},{"id":3,"name":"calisthenics","mets":4.0},{"id":4,"name":"golf","mets":4.5},{"id":5,"name":"cycling","mets":4.5},{"id":6,"name":"dancing","mets":4.8},{"id":7,"name":"swimming","mets":5.0},{"id":8,"name":"tennis","mets":7.5},{"id":9,"name":"basketball","mets":8.0},{"id":10,"name":"soccer","mets":10.0},{"id":11,"name":"running","mets":12.0}]}
2017-03-24 21:49:13,196 1931 [http-nio-8081-exec-9] INFO  edu.matc.controller.IndexDispServlet  - &&&&&&&&&&&&&&&&&&&&&&&&&&Inside display servlet&&&&&&&&&&&&&&&&&&&&&&&&&
2017-03-24 21:49:13,246 1981 [http-nio-8081-exec-9] INFO  edu.matc.controller.IndexDispServlet  - response from the call to REST {"activities":[{"id":1,"name":"walking","mets":2.5},{"id":2,"name":"volleyball","mets":3.0},{"id":3,"name":"calisthenics","mets":4.0},{"id":4,"name":"golf","mets":4.5},{"id":5,"name":"cycling","mets":4.5},{"id":6,"name":"dancing","mets":4.8},{"id":7,"name":"swimming","mets":5.0},{"id":8,"name":"tennis","mets":7.5},{"id":9,"name":"basketball","mets":8.0},{"id":10,"name":"soccer","mets":10.0},{"id":11,"name":"running","mets":12.0}]}
2017-03-24 21:58:42,950 0    [main] INFO  edu.matc.controller.RestActivityTest  - Returning calories Calories Burned		Duration
1.875 calorie(s)		in 0.75 hour(s)
3.75 calorie(s)		in 1.5 hour(s)
7.5 calorie(s)		in 3.0 hour(s)

2017-03-24 21:58:43,004 54   [main] INFO  edu.matc.controller.RestActivityTest  - response from the call to REST {"activities":[{"id":1,"name":"walking","mets":2.5},{"id":2,"name":"volleyball","mets":3.0},{"id":3,"name":"calisthenics","mets":4.0},{"id":4,"name":"golf","mets":4.5},{"id":5,"name":"cycling","mets":4.5},{"id":6,"name":"dancing","mets":4.8},{"id":7,"name":"swimming","mets":5.0},{"id":8,"name":"tennis","mets":7.5},{"id":9,"name":"basketball","mets":8.0},{"id":10,"name":"soccer","mets":10.0},{"id":11,"name":"running","mets":12.0}]}
2017-03-24 21:58:54,139 1    [http-nio-8081-exec-6] INFO  edu.matc.controller.IndexDispServlet  - &&&&&&&&&&&&&&&&&&&&&&&&&&Inside display servlet&&&&&&&&&&&&&&&&&&&&&&&&&
2017-03-24 21:58:54,455 317  [http-nio-8081-exec-6] INFO  edu.matc.controller.IndexDispServlet  - response from the call to REST {"activities":[{"id":1,"name":"walking","mets":2.5},{"id":2,"name":"volleyball","mets":3.0},{"id":3,"name":"calisthenics","mets":4.0},{"id":4,"name":"golf","mets":4.5},{"id":5,"name":"cycling","mets":4.5},{"id":6,"name":"dancing","mets":4.8},{"id":7,"name":"swimming","mets":5.0},{"id":8,"name":"tennis","mets":7.5},{"id":9,"name":"basketball","mets":8.0},{"id":10,"name":"soccer","mets":10.0},{"id":11,"name":"running","mets":12.0}]}
2017-03-24 21:58:58,744 4606 [http-nio-8081-exec-8] INFO  edu.matc.controller.IndexDispServlet  - &&&&&&&&&&&&&&&&&&&&&&&&&&Inside display servlet&&&&&&&&&&&&&&&&&&&&&&&&&
2017-03-24 21:58:58,813 4675 [http-nio-8081-exec-8] INFO  edu.matc.controller.IndexDispServlet  - response from the call to REST {"activities":[{"id":1,"name":"walking","mets":2.5},{"id":2,"name":"volleyball","mets":3.0},{"id":3,"name":"calisthenics","mets":4.0},{"id":4,"name":"golf","mets":4.5},{"id":5,"name":"cycling","mets":4.5},{"id":6,"name":"dancing","mets":4.8},{"id":7,"name":"swimming","mets":5.0},{"id":8,"name":"tennis","mets":7.5},{"id":9,"name":"basketball","mets":8.0},{"id":10,"name":"soccer","mets":10.0},{"id":11,"name":"running","mets":12.0}]}
2017-03-24 22:11:45,101 0    [main] INFO  edu.matc.controller.RestActivityTest  - Returning calories Calories Burned		Duration
1.875 calorie(s)		in 0.75 hour(s)
3.75 calorie(s)		in 1.5 hour(s)
7.5 calorie(s)		in 3.0 hour(s)

2017-03-24 22:11:45,137 36   [main] INFO  edu.matc.controller.RestActivityTest  - response from the call to REST {"activities":[{"id":1,"name":"walking","mets":2.5},{"id":2,"name":"volleyball","mets":3.0},{"id":3,"name":"calisthenics","mets":4.0},{"id":4,"name":"golf","mets":4.5},{"id":5,"name":"cycling","mets":4.5},{"id":6,"name":"dancing","mets":4.8},{"id":7,"name":"swimming","mets":5.0},{"id":8,"name":"tennis","mets":7.5},{"id":9,"name":"basketball","mets":8.0},{"id":10,"name":"soccer","mets":10.0},{"id":11,"name":"running","mets":12.0}]}
2017-03-24 22:11:56,656 0    [http-nio-8081-exec-6] INFO  edu.matc.controller.IndexDispServlet  - &&&&&&&&&&&&&&&&&&&&&&&&&&Inside display servlet&&&&&&&&&&&&&&&&&&&&&&&&&
2017-03-24 22:11:57,086 430  [http-nio-8081-exec-6] INFO  edu.matc.controller.IndexDispServlet  - response from the call to REST {"activities":[{"id":1,"name":"walking","mets":2.5},{"id":2,"name":"volleyball","mets":3.0},{"id":3,"name":"calisthenics","mets":4.0},{"id":4,"name":"golf","mets":4.5},{"id":5,"name":"cycling","mets":4.5},{"id":6,"name":"dancing","mets":4.8},{"id":7,"name":"swimming","mets":5.0},{"id":8,"name":"tennis","mets":7.5},{"id":9,"name":"basketball","mets":8.0},{"id":10,"name":"soccer","mets":10.0},{"id":11,"name":"running","mets":12.0}]}
2017-03-24 22:11:58,319 1663 [http-nio-8081-exec-9] INFO  edu.matc.controller.IndexDispServlet  - &&&&&&&&&&&&&&&&&&&&&&&&&&Inside display servlet&&&&&&&&&&&&&&&&&&&&&&&&&
2017-03-24 22:11:58,405 1749 [http-nio-8081-exec-9] INFO  edu.matc.controller.IndexDispServlet  - response from the call to REST {"activities":[{"id":1,"name":"walking","mets":2.5},{"id":2,"name":"volleyball","mets":3.0},{"id":3,"name":"calisthenics","mets":4.0},{"id":4,"name":"golf","mets":4.5},{"id":5,"name":"cycling","mets":4.5},{"id":6,"name":"dancing","mets":4.8},{"id":7,"name":"swimming","mets":5.0},{"id":8,"name":"tennis","mets":7.5},{"id":9,"name":"basketball","mets":8.0},{"id":10,"name":"soccer","mets":10.0},{"id":11,"name":"running","mets":12.0}]}
2017-03-24 22:15:48,156 0    [main] INFO  edu.matc.controller.RestActivityTest  - Returning calories Calories Burned		Duration
1.875 calorie(s)		in 0.75 hour(s)
3.75 calorie(s)		in 1.5 hour(s)
7.5 calorie(s)		in 3.0 hour(s)

2017-03-24 22:15:48,263 107  [main] INFO  edu.matc.controller.RestActivityTest  - response from the call to REST {"activities":[{"id":1,"name":"walking","mets":2.5},{"id":2,"name":"volleyball","mets":3.0},{"id":3,"name":"calisthenics","mets":4.0},{"id":4,"name":"golf","mets":4.5},{"id":5,"name":"cycling","mets":4.5},{"id":6,"name":"dancing","mets":4.8},{"id":7,"name":"swimming","mets":5.0},{"id":8,"name":"tennis","mets":7.5},{"id":9,"name":"basketball","mets":8.0},{"id":10,"name":"soccer","mets":10.0},{"id":11,"name":"running","mets":12.0}]}
2017-03-24 22:15:48,743 587  [main] INFO  edu.matc.controller.RestActivityTest  - Activity from the list walking
2017-03-24 22:15:48,744 588  [main] INFO  edu.matc.controller.RestActivityTest  - Activity from the list volleyball
2017-03-24 22:15:48,744 588  [main] INFO  edu.matc.controller.RestActivityTest  - Activity from the list calisthenics
2017-03-24 22:15:48,744 588  [main] INFO  edu.matc.controller.RestActivityTest  - Activity from the list golf
2017-03-24 22:15:48,744 588  [main] INFO  edu.matc.controller.RestActivityTest  - Activity from the list cycling
2017-03-24 22:15:48,745 589  [main] INFO  edu.matc.controller.RestActivityTest  - Activity from the list dancing
2017-03-24 22:15:48,746 590  [main] INFO  edu.matc.controller.RestActivityTest  - Activity from the list swimming
2017-03-24 22:15:48,746 590  [main] INFO  edu.matc.controller.RestActivityTest  - Activity from the list tennis
2017-03-24 22:15:48,746 590  [main] INFO  edu.matc.controller.RestActivityTest  - Activity from the list basketball
2017-03-24 22:15:48,746 590  [main] INFO  edu.matc.controller.RestActivityTest  - Activity from the list soccer
2017-03-24 22:15:48,746 590  [main] INFO  edu.matc.controller.RestActivityTest  - Activity from the list running
2017-03-24 22:17:10,877 0    [main] INFO  edu.matc.controller.RestActivityTest  - Returning calories Calories Burned		Duration
1.875 calorie(s)		in 0.75 hour(s)
3.75 calorie(s)		in 1.5 hour(s)
7.5 calorie(s)		in 3.0 hour(s)

2017-03-24 22:17:10,957 80   [main] INFO  edu.matc.controller.RestActivityTest  - response from the call to REST {"activities":[{"id":1,"name":"walking","mets":2.5},{"id":2,"name":"volleyball","mets":3.0},{"id":3,"name":"calisthenics","mets":4.0},{"id":4,"name":"golf","mets":4.5},{"id":5,"name":"cycling","mets":4.5},{"id":6,"name":"dancing","mets":4.8},{"id":7,"name":"swimming","mets":5.0},{"id":8,"name":"tennis","mets":7.5},{"id":9,"name":"basketball","mets":8.0},{"id":10,"name":"soccer","mets":10.0},{"id":11,"name":"running","mets":12.0}]}
2017-03-24 22:17:11,243 366  [main] INFO  edu.matc.controller.RestActivityTest  - Activity from the list walking
2017-03-24 22:17:11,243 366  [main] INFO  edu.matc.controller.RestActivityTest  - Activity from the list volleyball
2017-03-24 22:17:11,243 366  [main] INFO  edu.matc.controller.RestActivityTest  - Activity from the list calisthenics
2017-03-24 22:17:11,243 366  [main] INFO  edu.matc.controller.RestActivityTest  - Activity from the list golf
2017-03-24 22:17:11,243 366  [main] INFO  edu.matc.controller.RestActivityTest  - Activity from the list cycling
2017-03-24 22:17:11,243 366  [main] INFO  edu.matc.controller.RestActivityTest  - Activity from the list dancing
2017-03-24 22:17:11,243 366  [main] INFO  edu.matc.controller.RestActivityTest  - Activity from the list swimming
2017-03-24 22:17:11,244 367  [main] INFO  edu.matc.controller.RestActivityTest  - Activity from the list tennis
2017-03-24 22:17:11,244 367  [main] INFO  edu.matc.controller.RestActivityTest  - Activity from the list basketball
2017-03-24 22:17:11,244 367  [main] INFO  edu.matc.controller.RestActivityTest  - Activity from the list soccer
2017-03-24 22:17:11,244 367  [main] INFO  edu.matc.controller.RestActivityTest  - Activity from the list running
2017-03-24 22:22:17,842 0    [main] INFO  edu.matc.controller.RestActivityTest  - Returning calories Calories Burned		Duration
1.875 calorie(s)		in 0.75 hour(s)
3.75 calorie(s)		in 1.5 hour(s)
7.5 calorie(s)		in 3.0 hour(s)

2017-03-24 22:22:17,887 45   [main] INFO  edu.matc.controller.RestActivityTest  - response from the call to REST {"activities":[{"id":1,"name":"walking","mets":2.5},{"id":2,"name":"volleyball","mets":3.0},{"id":3,"name":"calisthenics","mets":4.0},{"id":4,"name":"golf","mets":4.5},{"id":5,"name":"cycling","mets":4.5},{"id":6,"name":"dancing","mets":4.8},{"id":7,"name":"swimming","mets":5.0},{"id":8,"name":"tennis","mets":7.5},{"id":9,"name":"basketball","mets":8.0},{"id":10,"name":"soccer","mets":10.0},{"id":11,"name":"running","mets":12.0}]}
2017-03-24 22:22:18,062 220  [main] INFO  edu.matc.controller.RestActivityTest  - Activity from the list walking
2017-03-24 22:22:18,063 221  [main] INFO  edu.matc.controller.RestActivityTest  - Activity from the list volleyball
2017-03-24 22:22:18,063 221  [main] INFO  edu.matc.controller.RestActivityTest  - Activity from the list calisthenics
2017-03-24 22:22:18,063 221  [main] INFO  edu.matc.controller.RestActivityTest  - Activity from the list golf
2017-03-24 22:22:18,064 222  [main] INFO  edu.matc.controller.RestActivityTest  - Activity from the list cycling
2017-03-24 22:22:18,064 222  [main] INFO  edu.matc.controller.RestActivityTest  - Activity from the list dancing
2017-03-24 22:22:18,065 223  [main] INFO  edu.matc.controller.RestActivityTest  - Activity from the list swimming
2017-03-24 22:22:18,065 223  [main] INFO  edu.matc.controller.RestActivityTest  - Activity from the list tennis
2017-03-24 22:22:18,065 223  [main] INFO  edu.matc.controller.RestActivityTest  - Activity from the list basketball
2017-03-24 22:22:18,066 224  [main] INFO  edu.matc.controller.RestActivityTest  - Activity from the list soccer
2017-03-24 22:22:18,068 226  [main] INFO  edu.matc.controller.RestActivityTest  - Activity from the list running
2017-03-24 22:22:29,236 0    [http-nio-8081-exec-6] INFO  edu.matc.controller.IndexDispServlet  - &&&&&&&&&&&&&&&&&&&&&&&&&&Inside display servlet&&&&&&&&&&&&&&&&&&&&&&&&&
2017-03-24 22:22:29,588 352  [http-nio-8081-exec-6] INFO  edu.matc.controller.IndexDispServlet  - response from the call to REST {"activities":[{"id":1,"name":"walking","mets":2.5},{"id":2,"name":"volleyball","mets":3.0},{"id":3,"name":"calisthenics","mets":4.0},{"id":4,"name":"golf","mets":4.5},{"id":5,"name":"cycling","mets":4.5},{"id":6,"name":"dancing","mets":4.8},{"id":7,"name":"swimming","mets":5.0},{"id":8,"name":"tennis","mets":7.5},{"id":9,"name":"basketball","mets":8.0},{"id":10,"name":"soccer","mets":10.0},{"id":11,"name":"running","mets":12.0}]}
2017-03-24 22:22:32,747 3511 [http-nio-8081-exec-9] INFO  edu.matc.controller.IndexDispServlet  - &&&&&&&&&&&&&&&&&&&&&&&&&&Inside display servlet&&&&&&&&&&&&&&&&&&&&&&&&&
2017-03-24 22:22:32,862 3626 [http-nio-8081-exec-9] INFO  edu.matc.controller.IndexDispServlet  - response from the call to REST {"activities":[{"id":1,"name":"walking","mets":2.5},{"id":2,"name":"volleyball","mets":3.0},{"id":3,"name":"calisthenics","mets":4.0},{"id":4,"name":"golf","mets":4.5},{"id":5,"name":"cycling","mets":4.5},{"id":6,"name":"dancing","mets":4.8},{"id":7,"name":"swimming","mets":5.0},{"id":8,"name":"tennis","mets":7.5},{"id":9,"name":"basketball","mets":8.0},{"id":10,"name":"soccer","mets":10.0},{"id":11,"name":"running","mets":12.0}]}
2017-03-24 22:26:14,078 0    [main] INFO  edu.matc.controller.RestActivityTest  - Returning calories Calories Burned		Duration
1.875 calorie(s)		in 0.75 hour(s)
3.75 calorie(s)		in 1.5 hour(s)
7.5 calorie(s)		in 3.0 hour(s)

2017-03-24 22:26:14,138 60   [main] INFO  edu.matc.controller.RestActivityTest  - response from the call to REST {"activities":[{"id":1,"name":"walking","mets":2.5},{"id":2,"name":"volleyball","mets":3.0},{"id":3,"name":"calisthenics","mets":4.0},{"id":4,"name":"golf","mets":4.5},{"id":5,"name":"cycling","mets":4.5},{"id":6,"name":"dancing","mets":4.8},{"id":7,"name":"swimming","mets":5.0},{"id":8,"name":"tennis","mets":7.5},{"id":9,"name":"basketball","mets":8.0},{"id":10,"name":"soccer","mets":10.0},{"id":11,"name":"running","mets":12.0}]}
2017-03-24 22:26:14,463 385  [main] INFO  edu.matc.controller.RestActivityTest  - Activity from the list walking
2017-03-24 22:26:14,463 385  [main] INFO  edu.matc.controller.RestActivityTest  - Activity from the list volleyball
2017-03-24 22:26:14,464 386  [main] INFO  edu.matc.controller.RestActivityTest  - Activity from the list calisthenics
2017-03-24 22:26:14,465 387  [main] INFO  edu.matc.controller.RestActivityTest  - Activity from the list golf
2017-03-24 22:26:14,466 388  [main] INFO  edu.matc.controller.RestActivityTest  - Activity from the list cycling
2017-03-24 22:26:14,467 389  [main] INFO  edu.matc.controller.RestActivityTest  - Activity from the list dancing
2017-03-24 22:26:14,467 389  [main] INFO  edu.matc.controller.RestActivityTest  - Activity from the list swimming
2017-03-24 22:26:14,467 389  [main] INFO  edu.matc.controller.RestActivityTest  - Activity from the list tennis
2017-03-24 22:26:14,469 391  [main] INFO  edu.matc.controller.RestActivityTest  - Activity from the list basketball
2017-03-24 22:26:14,477 399  [main] INFO  edu.matc.controller.RestActivityTest  - Activity from the list soccer
2017-03-24 22:26:14,477 399  [main] INFO  edu.matc.controller.RestActivityTest  - Activity from the list running
2017-03-24 22:26:25,750 1    [http-nio-8081-exec-6] INFO  edu.matc.controller.IndexDispServlet  - &&&&&&&&&&&&&&&&&&&&&&&&&&Inside display servlet&&&&&&&&&&&&&&&&&&&&&&&&&
2017-03-24 22:26:26,115 366  [http-nio-8081-exec-6] INFO  edu.matc.controller.IndexDispServlet  - response from the call to REST {"activities":[{"id":1,"name":"walking","mets":2.5},{"id":2,"name":"volleyball","mets":3.0},{"id":3,"name":"calisthenics","mets":4.0},{"id":4,"name":"golf","mets":4.5},{"id":5,"name":"cycling","mets":4.5},{"id":6,"name":"dancing","mets":4.8},{"id":7,"name":"swimming","mets":5.0},{"id":8,"name":"tennis","mets":7.5},{"id":9,"name":"basketball","mets":8.0},{"id":10,"name":"soccer","mets":10.0},{"id":11,"name":"running","mets":12.0}]}
2017-03-24 22:26:29,198 3449 [http-nio-8081-exec-9] INFO  edu.matc.controller.IndexDispServlet  - &&&&&&&&&&&&&&&&&&&&&&&&&&Inside display servlet&&&&&&&&&&&&&&&&&&&&&&&&&
2017-03-24 22:26:29,265 3516 [http-nio-8081-exec-9] INFO  edu.matc.controller.IndexDispServlet  - response from the call to REST {"activities":[{"id":1,"name":"walking","mets":2.5},{"id":2,"name":"volleyball","mets":3.0},{"id":3,"name":"calisthenics","mets":4.0},{"id":4,"name":"golf","mets":4.5},{"id":5,"name":"cycling","mets":4.5},{"id":6,"name":"dancing","mets":4.8},{"id":7,"name":"swimming","mets":5.0},{"id":8,"name":"tennis","mets":7.5},{"id":9,"name":"basketball","mets":8.0},{"id":10,"name":"soccer","mets":10.0},{"id":11,"name":"running","mets":12.0}]}
2017-03-24 22:40:15,327 829578 [http-nio-8081-exec-3] INFO  edu.matc.controller.IndexDispServlet  - &&&&&&&&&&&&&&&&&&&&&&&&&&Inside display servlet&&&&&&&&&&&&&&&&&&&&&&&&&
2017-03-24 22:40:15,380 829631 [http-nio-8081-exec-3] INFO  edu.matc.controller.IndexDispServlet  - response from the call to REST {"activities":[{"id":1,"name":"walking","mets":2.5},{"id":2,"name":"volleyball","mets":3.0},{"id":3,"name":"calisthenics","mets":4.0},{"id":4,"name":"golf","mets":4.5},{"id":5,"name":"cycling","mets":4.5},{"id":6,"name":"dancing","mets":4.8},{"id":7,"name":"swimming","mets":5.0},{"id":8,"name":"tennis","mets":7.5},{"id":9,"name":"basketball","mets":8.0},{"id":10,"name":"soccer","mets":10.0},{"id":11,"name":"running","mets":12.0}]}
2017-03-24 22:47:01,858 0    [main] INFO  edu.matc.controller.RestActivityTest  - Returning calories Calories Burned		Duration
1.875 calorie(s)		in 0.75 hour(s)
3.75 calorie(s)		in 1.5 hour(s)
7.5 calorie(s)		in 3.0 hour(s)

2017-03-24 22:47:01,919 61   [main] INFO  edu.matc.controller.RestActivityTest  - response from the call to REST {"activities":[{"id":1,"name":"walking","mets":2.5},{"id":2,"name":"volleyball","mets":3.0},{"id":3,"name":"calisthenics","mets":4.0},{"id":4,"name":"golf","mets":4.5},{"id":5,"name":"cycling","mets":4.5},{"id":6,"name":"dancing","mets":4.8},{"id":7,"name":"swimming","mets":5.0},{"id":8,"name":"tennis","mets":7.5},{"id":9,"name":"basketball","mets":8.0},{"id":10,"name":"soccer","mets":10.0},{"id":11,"name":"running","mets":12.0}]}
2017-03-24 22:47:02,149 291  [main] INFO  edu.matc.controller.RestActivityTest  - Activity from the list walking
2017-03-24 22:47:02,150 292  [main] INFO  edu.matc.controller.RestActivityTest  - Activity from the list volleyball
2017-03-24 22:47:02,150 292  [main] INFO  edu.matc.controller.RestActivityTest  - Activity from the list calisthenics
2017-03-24 22:47:02,150 292  [main] INFO  edu.matc.controller.RestActivityTest  - Activity from the list golf
2017-03-24 22:47:02,150 292  [main] INFO  edu.matc.controller.RestActivityTest  - Activity from the list cycling
2017-03-24 22:47:02,150 292  [main] INFO  edu.matc.controller.RestActivityTest  - Activity from the list dancing
2017-03-24 22:47:02,150 292  [main] INFO  edu.matc.controller.RestActivityTest  - Activity from the list swimming
2017-03-24 22:47:02,150 292  [main] INFO  edu.matc.controller.RestActivityTest  - Activity from the list tennis
2017-03-24 22:47:02,150 292  [main] INFO  edu.matc.controller.RestActivityTest  - Activity from the list basketball
2017-03-24 22:47:02,150 292  [main] INFO  edu.matc.controller.RestActivityTest  - Activity from the list soccer
2017-03-24 22:47:02,150 292  [main] INFO  edu.matc.controller.RestActivityTest  - Activity from the list running
2017-03-24 22:47:12,698 0    [http-nio-8081-exec-6] INFO  edu.matc.controller.IndexDispServlet  - &&&&&&&&&&&&&&&&&&&&&&&&&&Inside display servlet&&&&&&&&&&&&&&&&&&&&&&&&&
2017-03-24 22:47:13,035 337  [http-nio-8081-exec-6] INFO  edu.matc.controller.IndexDispServlet  - response from the call to REST {"activities":[{"id":1,"name":"walking","mets":2.5},{"id":2,"name":"volleyball","mets":3.0},{"id":3,"name":"calisthenics","mets":4.0},{"id":4,"name":"golf","mets":4.5},{"id":5,"name":"cycling","mets":4.5},{"id":6,"name":"dancing","mets":4.8},{"id":7,"name":"swimming","mets":5.0},{"id":8,"name":"tennis","mets":7.5},{"id":9,"name":"basketball","mets":8.0},{"id":10,"name":"soccer","mets":10.0},{"id":11,"name":"running","mets":12.0}]}
2017-03-24 22:47:14,118 1420 [http-nio-8081-exec-9] INFO  edu.matc.controller.IndexDispServlet  - &&&&&&&&&&&&&&&&&&&&&&&&&&Inside display servlet&&&&&&&&&&&&&&&&&&&&&&&&&
2017-03-24 22:47:14,215 1517 [http-nio-8081-exec-9] INFO  edu.matc.controller.IndexDispServlet  - response from the call to REST {"activities":[{"id":1,"name":"walking","mets":2.5},{"id":2,"name":"volleyball","mets":3.0},{"id":3,"name":"calisthenics","mets":4.0},{"id":4,"name":"golf","mets":4.5},{"id":5,"name":"cycling","mets":4.5},{"id":6,"name":"dancing","mets":4.8},{"id":7,"name":"swimming","mets":5.0},{"id":8,"name":"tennis","mets":7.5},{"id":9,"name":"basketball","mets":8.0},{"id":10,"name":"soccer","mets":10.0},{"id":11,"name":"running","mets":12.0}]}
